2021-04-03 22:37:35	info	DefaultLogger init success
2021-04-03 22:37:35	info	calendar is running...
2021-04-03 22:40:33	info	DefaultLogger init success
2021-04-03 22:40:33	info	calendar is running...
2021-04-03 22:41:51	info	DefaultLogger init success
2021-04-03 22:41:51	info	calendar is running...
2021-04-03 22:42:42	info	DefaultLogger init success
2021-04-03 22:42:42	info	calendar is running...
2021-04-03 22:42:42	info	Server is running...
2021-04-03 23:02:22	info	DefaultLogger init success
2021-04-03 23:02:22	info	calendar is running...
2021-04-03 23:02:22	info	Server is running on	{"port": ":8800"}
2021-04-03 23:16:00	info	DefaultLogger init success
2021-04-03 23:16:00	info	calendar is running...
2021-04-03 23:16:00	info	Server is running on	{"port": ":8800"}
2021-04-03 23:17:00	info	DefaultLogger init success
2021-04-03 23:17:00	info	calendar is running...
2021-04-03 23:17:00	info	Server is running on	{"port": ":8800"}
2021-04-03 23:18:06	info	DefaultLogger init success
2021-04-03 23:18:06	info	calendar is running...
2021-04-03 23:18:06	info	Server is running on	{"port": ":8800"}
2021-04-03 23:18:44	info	DefaultLogger init success
2021-04-03 23:18:44	info	calendar is running...
2021-04-03 23:18:44	info	Server is running on	{"port": ":8800"}
2021-04-03 23:22:28	info	DefaultLogger init success
2021-04-03 23:22:28	info	calendar is running...
2021-04-03 23:22:28	info	Server is running on	{"port": ":8800"}
2021-04-03 23:23:48	info	DefaultLogger init success
2021-04-03 23:23:48	info	calendar is running...
2021-04-03 23:23:48	info	Server is running on	{"port": ":8800"}
2021-04-03 23:25:48	info	DefaultLogger init success
2021-04-03 23:25:48	info	calendar is running...
2021-04-03 23:25:48	info	Server is running on	{"port": ":8800"}
2021-04-03 23:27:05	info	DefaultLogger init success
2021-04-03 23:27:05	info	calendar is running...
2021-04-03 23:27:05	info	Server is running on	{"port": ":8800"}
2021-04-03 23:29:54	info	DefaultLogger init success
2021-04-03 23:29:55	info	calendar is running...
2021-04-03 23:29:55	info	Server is running on	{"port": ":8800"}
2021-04-03 23:34:01	info	DefaultLogger init success
2021-04-03 23:34:01	info	calendar is running...
2021-04-03 23:34:01	info	Server is running on	{"port": ":8800"}
2021-04-03 23:34:11	info	DefaultLogger init success
2021-04-03 23:34:11	info	calendar is running...
2021-04-03 23:34:11	info	Server is running on	{"port": ":8800"}
2021-04-03 23:35:33	info	DefaultLogger init success
2021-04-03 23:35:33	info	calendar is running...
2021-04-03 23:35:33	info	Server is running on	{"port": ":8800"}
2021-04-03 23:36:29	info	DefaultLogger init success
2021-04-03 23:36:29	info	calendar is running...
2021-04-03 23:36:29	info	Server is running on	{"port": ":8800"}
2021-04-03 23:37:06	info	DefaultLogger init success
2021-04-03 23:37:06	info	calendar is running...
2021-04-03 23:37:06	info	Server is running on	{"port": ":8800"}
2021-04-03 23:50:25	info	DefaultLogger init success
2021-04-03 23:50:25	info	calendar is running...
2021-04-03 23:50:25	info	Server is running on	{"port": ":8800"}
2021-04-03 23:52:48	info	DefaultLogger init success
2021-04-03 23:52:48	info	calendar is running...
2021-04-03 23:52:48	info	Server is running on	{"port": ":8800"}
2021-04-03 23:53:25	info	DefaultLogger init success
2021-04-03 23:53:25	info	calendar is running...
2021-04-03 23:53:25	info	Server is running on	{"port": ":8800"}
2021-04-03 23:54:17	info	DefaultLogger init success
2021-04-03 23:54:17	info	calendar is running...
2021-04-03 23:54:17	info	Server is running on	{"port": ":8800"}
2021-04-03 23:55:57	info	DefaultLogger init success
2021-04-03 23:55:57	info	calendar is running...
2021-04-03 23:55:57	info	Server is running on	{"port": ":8800"}
2021-04-03 23:56:42	info	DefaultLogger init success
2021-04-03 23:56:42	info	calendar is running...
2021-04-03 23:56:42	info	Server is running on	{"port": ":8800"}
2021-04-03 23:57:27	info	DefaultLogger init success
2021-04-03 23:57:27	info	calendar is running...
2021-04-03 23:57:27	info	Server is running on	{"port": ":8800"}
2021-04-03 23:58:46	info	DefaultLogger init success
2021-04-03 23:58:46	info	calendar is running...
2021-04-03 23:58:46	info	Server is running on	{"port": ":8800"}
2021-04-04 00:00:09	info	DefaultLogger init success
2021-04-04 00:00:09	info	calendar is running...
2021-04-04 00:00:09	info	Server is running on	{"port": ":8800"}
2021-04-04 00:09:42	info	DefaultLogger init success
2021-04-04 00:09:42	info	calendar is running...
2021-04-04 00:09:42	info	Server is running on	{"port": ":8800"}
2021-04-04 15:07:15	info	DefaultLogger init success
2021-04-04 15:07:15	info	calendar is running...
2021-04-04 15:07:15	info	Server is running on	{"port": ":8800"}
2021-04-04 15:08:34	info	DefaultLogger init success
2021-04-04 15:08:34	info	calendar is running...
2021-04-04 15:08:34	info	Server is running on	{"port": ":8800"}
2021-04-04 15:14:39	info	DefaultLogger init success
2021-04-04 15:14:39	info	calendar is running...
2021-04-04 15:14:39	info	Server is running on	{"port": ":8800"}
2021-04-04 15:34:04	info	DefaultLogger init success
2021-04-04 15:34:04	info	calendar is running...
2021-04-04 15:34:04	info	Server is running on	{"port": ":8800"}
2021-04-04 15:34:38	info	DefaultLogger init success
2021-04-04 15:34:38	info	calendar is running...
2021-04-04 15:34:38	info	Server is running on	{"port": ":8800"}
2021-04-04 15:35:11	info	DefaultLogger init success
2021-04-04 15:35:11	info	calendar is running...
2021-04-04 15:35:11	info	Server is running on	{"port": ":8800"}
2021-04-04 16:03:46	info	DefaultLogger init success
2021-04-04 16:03:46	info	calendar is running...
2021-04-04 16:03:46	info	Server is running on	{"port": ":8800"}
2021-04-04 20:55:11	info	DefaultLogger init success
2021-04-04 20:55:11	info	calendar is running...
2021-04-04 20:55:11	info	Server is running on	{"port": ":8800"}
2021-04-04 21:34:40	info	DefaultLogger init success
2021-04-04 21:34:40	info	calendar is running...
2021-04-04 21:34:40	info	Server is running on	{"port": ":8800"}
2021-04-04 21:34:45	info	Handling request for	{"path": "/hello", "from": "[::1]:52213"}
2021-04-04 21:44:24	info	DefaultLogger init success
2021-04-04 21:44:24	info	calendar is running...
2021-04-04 21:44:24	info	Server is running on	{"port": ":8800"}
2021-04-04 21:44:30	info	Handling request for	{"path": "/hello", "from": "[::1]:52357", "duration": 0.000001}
2021-04-04 21:50:37	info	DefaultLogger init success
2021-04-04 21:50:37	info	calendar is running...
2021-04-04 21:50:37	info	Server is running on	{"port": ":8800"}
2021-04-04 21:50:42	info	Handling request for	{"remote IP": "[::1]:52387", "DateAndTime": "2021-04-04 21:50:42", "method": "GET", "path": "/hello", "proto": "/hello", "status code": 200, "latency": 0.000001}
2021-04-04 23:23:57	info	DefaultLogger init success
2021-04-04 23:23:57	info	calendar is running...
2021-04-04 23:23:57	info	Server is running on	{"port": ":8800"}
2021-04-04 23:24:03	info	Handling request for	{"remote IP": "[::1]:52858", "DateAndTime": "2021-04-04 23:24:03", "method": "GET", "path": "/hello", "proto": "/hello", "status code": 0, "latency": 0.000001}
2021-04-04 23:29:52	info	DefaultLogger init success
2021-04-04 23:29:52	info	calendar is running...
2021-04-04 23:29:52	info	Server is running on	{"port": ":8800"}
2021-04-04 23:29:59	info	DefaultLogger init success
2021-04-04 23:29:59	info	calendar is running...
2021-04-04 23:29:59	info	Server is running on	{"port": ":8800"}
2021-04-04 23:30:04	info	Handling request for	{"remote IP": "[::1]:52899", "DateAndTime": "2021-04-04 23:30:04", "method": "GET", "path": "/hello", "proto": "/hello", "status code": 200, "latency": 0.000001}
